S1 script output as input: Top107.s1_summary2
Left topology information: Top107.nupack.tg_log
Right topology information: Top107.rnafold.tg_log
Left known vertices: ['1', '8', '3', '7', '6', '2', '4', '5']
Right known vertices: ['1', '7', '3', '6', '5', '2', '4']
Two-to-One Left side: [['4', '5']]
Stem list: ['1', '3', '2', '5', '4', '7', '6']
Print IFMUTATE info.:
1 G 1 1 no
2 U 1 0 no
3 A 1 0 no
4 G 1 0 no
5 U 1 0 no
6 G 1 0 no
7 A 1 0 no
8 G 1 2 no
9 G 0 2 no
10 G 0 2 no
11 C 2 2 no
12 C 2 3 no
13 U 0 3 no
14 U 0 3 no
15 G 3 3 no
16 A 3 0 no
17 C 3 0 no
18 A 3 0 no
19 U 3 0 no
20 A 3 4 no
21 U 0 4 yes
22 A 4 4 yes
23 A 4 5 yes
24 A 0 5 yes
25 C 5 5 no
26 G 5 0 no
27 C 5 0 no
28 G 5 0 no
29 U 5 0 no
30 G 5 6 no
31 G 0 6 no
32 A 0 6 no
33 U 0 6 no
34 A 0 6 no
35 U 0 6 no
36 G 0 6 no
37 G 0 6 no
38 C 5 6 no
39 A 5 0 no
40 C 5 0 no
41 G 5 0 no
42 C 5 0 no
43 G 5 5 no
44 A 0 5 yes
45 G 0 5 yes
46 U 4 5 yes
47 U 4 4 yes
48 U 0 4 yes
49 C 0 4 yes
50 U 0 4 yes
51 A 0 4 yes
52 C 0 4 yes
53 C 6 4 no
54 G 6 0 no
55 G 6 0 no
56 G 6 0 no
57 C 6 0 no
58 A 6 7 no
59 C 0 7 no
60 C 0 7 no
61 G 0 7 no
62 U 0 7 no
63 A 0 7 no
64 A 0 7 no
65 A 0 7 no
66 U 6 7 no
67 G 6 0 no
68 U 6 0 no
69 C 6 0 no
70 C 6 0 no
71 G 6 4 no
72 A 0 4 yes
73 C 0 4 yes
74 U 3 4 no
75 A 3 0 no
76 U 3 0 no
77 G 3 0 no
78 U 3 0 no
79 C 3 3 no
80 U 0 3 no
81 U 0 3 no
82 G 2 3 no
83 G 2 2 no
84 U 0 2 no
85 A 0 2 no
86 G 7 2 no
87 G 7 0 no
88 U 7 0 no
89 C 7 0 no
90 U 7 8 no
91 C 0 8 no
92 U 0 8 no
93 U 0 8 no
94 G 0 8 no
95 U 0 8 no
96 A 7 8 no
97 G 7 0 no
98 A 7 0 no
99 C 7 0 no
100 C 7 2 no
101 G 0 2 no
102 U 0 2 no
103 C 0 2 no
104 G 0 2 no
105 C 1 2 no
106 U 1 0 no
107 U 1 0 no
108 G 1 0 no
109 C 1 0 no
110 U 1 0 no
111 A 1 0 no
112 C 1 1 no
